<?xml version="1.0" encoding="UTF-8"?>
<testng-results ignored="0" total="2" passed="2" failed="0" skipped="0">
  <reporter-output>
  </reporter-output>
  <suite started-at="2026-09-14T17:46:12 IST" name="Default suite" finished-at="2026-09-14T17:46:26 IST" duration-ms="14856">
    <groups>
    </groups>
    <test started-at="2026-09-14T17:46:12 IST" name="Default test" finished-at="2026-09-14T17:46:26 IST" duration-ms="14856">
      <class name="com.testng.testcases.TestCases">
        <test-method is-config="true" signature="launchBrowser()[pri:0, instance:com.testng.testcases.TestCases@795cd85e]" started-at="2026-09-14T17:46:12 IST" name="launchBrowser" finished-at="2026-09-14T17:46:16 IST" duration-ms="4727" status="PASS">
          <reporter-output>
          </reporter-output>
        </test-method> <!-- launchBrowser -->
        <test-method signature="search()[pri:0, instance:com.testng.testcases.TestCases@795cd85e]" started-at="2026-09-14T17:46:16 IST" name="search" finished-at="2026-09-14T17:46:20 IST" duration-ms="3291" status="PASS">
          <reporter-output>
          </reporter-output>
        </test-method> <!-- search -->
        <test-method signature="verifyLoginFlow()[pri:1, instance:com.testng.testcases.TestCases@795cd85e]" started-at="2026-09-14T17:46:20 IST" name="verifyLoginFlow" finished-at="2026-09-14T17:46:26 IST" duration-ms="6645" status="PASS">
          <reporter-output>
          </reporter-output>
        </test-method> <!-- verifyLoginFlow -->
        <test-method is-config="true" signature="closeBrowser()[pri:0, instance:com.testng.testcases.TestCases@795cd85e]" started-at="2026-09-14T17:46:26 IST" name="closeBrowser" finished-at="2026-09-14T17:46:26 IST" duration-ms="156" status="PASS">
          <reporter-output>
          </reporter-output>
        </test-method> <!-- closeBrowser -->
      </class> <!-- com.testng.testcases.TestCases -->
    </test> <!-- Default test -->
  </suite> <!-- Default suite -->
</testng-results>
