<?xml version="1.0" encoding="UTF-8"?>
<!-- Generated by org.testng.reporters.JUnitReportReporter -->
<testsuite hostname="mansoor" failures="0" tests="4" name="com.pom.TestCases.TestCases" time="74.201" errors="0" timestamp="2026-09-14T23:54:45 IST" skipped="0">
  <testcase classname="com.pom.TestCases.TestCases" name="verifySearch" time="62.277"/>
  <testcase classname="com.pom.TestCases.TestCases" name="verifySearchClick" time="5.253"/>
  <testcase classname="com.pom.TestCases.TestCases" name="verifycredentials" time="6.651"/>
  <testcase classname="com.pom.TestCases.TestCases" name="verifySuccessfulLogin" time="0.020"/>
</testsuite> <!-- com.pom.TestCases.TestCases -->
