<?xml version="1.0" encoding="UTF-8"?>
<testng-results ignored="0" total="1" passed="1" failed="0" skipped="0">
  <reporter-output>
  </reporter-output>
  <suite started-at="2026-09-18T22:08:13 IST" name="Default suite" finished-at="2026-09-18T22:09:22 IST" duration-ms="68574">
    <groups>
    </groups>
    <test started-at="2026-09-18T22:08:13 IST" name="Default test" finished-at="2026-09-18T22:09:22 IST" duration-ms="68574">
      <class name="com.BookFlight.Testcases.TestCases">
        <test-method is-config="true" signature="launchChromeBrowser()[pri:0, instance:com.BookFlight.Testcases.TestCases@43bc63a3]" started-at="2026-09-18T22:08:13 IST" name="launchChromeBrowser" finished-at="2026-09-18T22:08:18 IST" duration-ms="4554" status="PASS">
          <reporter-output>
          </reporter-output>
        </test-method> <!-- launchChromeBrowser -->
        <test-method signature="searchFlightTickets()[pri:0, instance:com.BookFlight.Testcases.TestCases@43bc63a3]" started-at="2026-09-18T22:08:18 IST" name="searchFlightTickets" finished-at="2026-09-18T22:09:22 IST" duration-ms="63954" status="PASS">
          <reporter-output>
          </reporter-output>
        </test-method> <!-- searchFlightTickets -->
      </class> <!-- com.BookFlight.Testcases.TestCases -->
    </test> <!-- Default test -->
  </suite> <!-- Default suite -->
</testng-results>
